<?xml version="1.1" encoding="UTF-8"?>
<testsuite name="com.heatonresearch.aifh.normalize.TestEquilateral" tests="3" failures="0" errors="0" timestamp="2013-05-26T11:47:08" hostname="Jeffs-MacBook-Pro.local" time="0.008">
  <properties/>
  <testcase name="testTooFew" classname="com.heatonresearch.aifh.normalize.TestEquilateral" time="0.001"/>
  <testcase name="testEncode" classname="com.heatonresearch.aifh.normalize.TestEquilateral" time="0.005"/>
  <testcase name="testDecode" classname="com.heatonresearch.aifh.normalize.TestEquilateral" time="0.001"/>
  <system-out><![CDATA[]]></system-out>
  <system-err><![CDATA[]]></system-err>
</testsuite>
