<?xml version="1.1" encoding="UTF-8"?>
<testsuite name="com.heatonresearch.aifh.normalize.TestDataSet" tests="15" failures="0" errors="0" timestamp="2013-05-26T11:47:08" hostname="Jeffs-MacBook-Pro.local" time="0.015">
  <properties/>
  <testcase name="testLoadSave" classname="com.heatonresearch.aifh.normalize.TestDataSet" time="0.006"/>
  <testcase name="testEqual" classname="com.heatonresearch.aifh.normalize.TestDataSet" time="0.0"/>
  <testcase name="testNotEqualHeaders" classname="com.heatonresearch.aifh.normalize.TestDataSet" time="0.0"/>
  <testcase name="testNotEqualHeaderCount" classname="com.heatonresearch.aifh.normalize.TestDataSet" time="0.001"/>
  <testcase name="testNotEqualRowCount" classname="com.heatonresearch.aifh.normalize.TestDataSet" time="0.0"/>
  <testcase name="testNotEqualRows" classname="com.heatonresearch.aifh.normalize.TestDataSet" time="0.001"/>
  <testcase name="testNotEqualOtherObject" classname="com.heatonresearch.aifh.normalize.TestDataSet" time="0.0"/>
  <testcase name="testMin" classname="com.heatonresearch.aifh.normalize.TestDataSet" time="0.0"/>
  <testcase name="testMax" classname="com.heatonresearch.aifh.normalize.TestDataSet" time="0.001"/>
  <testcase name="testNormalizeRange" classname="com.heatonresearch.aifh.normalize.TestDataSet" time="0.0"/>
  <testcase name="testDeNormalizeRange" classname="com.heatonresearch.aifh.normalize.TestDataSet" time="0.001"/>
  <testcase name="testNormalizeReciprocal" classname="com.heatonresearch.aifh.normalize.TestDataSet" time="0.0"/>
  <testcase name="testEncodeNumeric" classname="com.heatonresearch.aifh.normalize.TestDataSet" time="0.001"/>
  <testcase name="testEncodeOneOfN" classname="com.heatonresearch.aifh.normalize.TestDataSet" time="0.0"/>
  <testcase name="testEncodeEquilateral" classname="com.heatonresearch.aifh.normalize.TestDataSet" time="0.001"/>
  <system-out><![CDATA[]]></system-out>
  <system-err><![CDATA[]]></system-err>
</testsuite>
